<?xml version="1.0" encoding="UTF-8"?>
<robot generator="Robot 6.0.2 (Python 3.10.9 on win32)" generated="20230511 14:41:32.910" rpa="false" schemaversion="3">
<suite id="s1" name="Product" source="C:\Users\zz-spahari\Desktop\subhadip\odoo\exam1\robot\product.robot">
<test id="s1-t1" name="Valid Login" line="12">
<kw name="Set Global Variable" library="BuiltIn">
<arg>${URL}</arg>
<doc>Makes a variable available globally in all tests and suites.</doc>
<msg timestamp="20230511 14:41:33.052" level="INFO">${URL} = http://localhost:8015/web/login</msg>
<status status="PASS" starttime="20230511 14:41:33.052" endtime="20230511 14:41:33.052"/>
</kw>
<kw name="Open Browser To Login Page">
<kw name="Open Browser" library="SeleniumLibrary">
<arg>${URL}</arg>
<arg>${BROWSER}</arg>
<doc>Opens a new browser instance to the optional ``url``.</doc>
<msg timestamp="20230511 14:41:33.054" level="INFO">Opening browser 'Chrome' to base url 'http://localhost:8015/web/login'.</msg>
<msg timestamp="20230511 14:41:33.058" level="INFO">Applicable driver not found; attempting to install with Selenium Manager (Beta)</msg>
<status status="PASS" starttime="20230511 14:41:33.053" endtime="20230511 14:41:35.183"/>
</kw>
<kw name="Title Should Be" library="SeleniumLibrary">
<arg>Login | My Website</arg>
<doc>Verifies that the current page title equals ``title``.</doc>
<msg timestamp="20230511 14:41:35.187" level="INFO">Page title is 'Login | My Website'.</msg>
<status status="PASS" starttime="20230511 14:41:35.183" endtime="20230511 14:41:35.187"/>
</kw>
<status status="PASS" starttime="20230511 14:41:33.053" endtime="20230511 14:41:35.187"/>
</kw>
<kw name="Input Username">
<arg>subhadipsjsc@gmail.com</arg>
<kw name="Input Text" library="SeleniumLibrary">
<arg>name:login</arg>
<arg>${username}</arg>
<doc>Types the given ``text`` into the text field identified by ``locator``.</doc>
<msg timestamp="20230511 14:41:35.189" level="INFO">Typing text 'subhadipsjsc@gmail.com' into text field 'name:login'.</msg>
<status status="PASS" starttime="20230511 14:41:35.187" endtime="20230511 14:41:35.241"/>
</kw>
<status status="PASS" starttime="20230511 14:41:35.187" endtime="20230511 14:41:35.241"/>
</kw>
<kw name="Input Password">
<arg>admin123</arg>
<kw name="Input Text" library="SeleniumLibrary">
<arg>name:password</arg>
<arg>${password}</arg>
<doc>Types the given ``text`` into the text field identified by ``locator``.</doc>
<msg timestamp="20230511 14:41:35.242" level="INFO">Typing text 'admin123' into text field 'name:password'.</msg>
<status status="PASS" starttime="20230511 14:41:35.242" endtime="20230511 14:41:35.291"/>
</kw>
<status status="PASS" starttime="20230511 14:41:35.242" endtime="20230511 14:41:35.291"/>
</kw>
<kw name="Submit Credentials">
<kw name="Click Button" library="SeleniumLibrary">
<arg>xpath://*[@id="wrapwrap"]/main/div/form/div[3]/button[1]</arg>
<doc>Clicks the button identified by ``locator``.</doc>
<msg timestamp="20230511 14:41:35.292" level="INFO">Clicking button 'xpath://*[@id="wrapwrap"]/main/div/form/div[3]/button[1]'.</msg>
<status status="PASS" starttime="20230511 14:41:35.292" endtime="20230511 14:41:36.448"/>
</kw>
<status status="PASS" starttime="20230511 14:41:35.291" endtime="20230511 14:41:36.448"/>
</kw>
<kw name="handle url change">
<kw name="Get Location" library="SeleniumLibrary">
<var>${URL}</var>
<doc>Returns the current browser window URL.</doc>
<msg timestamp="20230511 14:41:36.457" level="INFO">${URL} = http://localhost:8015/web#cids=1</msg>
<status status="PASS" starttime="20230511 14:41:36.450" endtime="20230511 14:41:36.457"/>
</kw>
<kw name="Log To Console" library="BuiltIn">
<arg>${URL}</arg>
<doc>Logs the given message to the console.</doc>
<status status="PASS" starttime="20230511 14:41:36.457" endtime="20230511 14:41:36.458"/>
</kw>
<kw name="Sleep" library="BuiltIn">
<arg>1s</arg>
<doc>Pauses the test executed for the given time.</doc>
<msg timestamp="20230511 14:41:37.471" level="INFO">Slept 1 second</msg>
<status status="PASS" starttime="20230511 14:41:36.458" endtime="20230511 14:41:37.471"/>
</kw>
<status status="PASS" starttime="20230511 14:41:36.449" endtime="20230511 14:41:37.471"/>
</kw>
<kw name="handle url change">
<kw name="Get Location" library="SeleniumLibrary">
<var>${URL}</var>
<doc>Returns the current browser window URL.</doc>
<msg timestamp="20230511 14:41:37.477" level="INFO">${URL} = http://localhost:8015/web#cids=1</msg>
<status status="PASS" starttime="20230511 14:41:37.473" endtime="20230511 14:41:37.477"/>
</kw>
<kw name="Log To Console" library="BuiltIn">
<arg>${URL}</arg>
<doc>Logs the given message to the console.</doc>
<status status="PASS" starttime="20230511 14:41:37.477" endtime="20230511 14:41:37.477"/>
</kw>
<kw name="Sleep" library="BuiltIn">
<arg>1s</arg>
<doc>Pauses the test executed for the given time.</doc>
<msg timestamp="20230511 14:41:38.489" level="INFO">Slept 1 second</msg>
<status status="PASS" starttime="20230511 14:41:37.477" endtime="20230511 14:41:38.489"/>
</kw>
<status status="PASS" starttime="20230511 14:41:37.472" endtime="20230511 14:41:38.490"/>
</kw>
<kw name="click on home menu">
<kw name="Sleep" library="BuiltIn">
<arg>3s</arg>
<doc>Pauses the test executed for the given time.</doc>
<msg timestamp="20230511 14:41:41.503" level="INFO">Slept 3 seconds</msg>
<status status="PASS" starttime="20230511 14:41:38.491" endtime="20230511 14:41:41.503"/>
</kw>
<kw name="Click Button" library="SeleniumLibrary">
<arg>xpath:/html/body/header/nav/div[1]/button</arg>
<doc>Clicks the button identified by ``locator``.</doc>
<msg timestamp="20230511 14:41:41.505" level="INFO">Clicking button 'xpath:/html/body/header/nav/div[1]/button'.</msg>
<msg timestamp="20230511 14:41:42.673" level="INFO" html="true">&lt;/td&gt;&lt;/tr&gt;&lt;tr&gt;&lt;td colspan="3"&gt;&lt;a href="selenium-screenshot-7.png"&gt;&lt;img src="selenium-screenshot-7.png" width="800px"&gt;&lt;/a&gt;</msg>
<msg timestamp="20230511 14:41:42.673" level="FAIL">ElementClickInterceptedException: Message: element click intercepted: Element &lt;button class="dropdown-toggle  " title="Home Menu" data-hotkey="h" aria-expanded="false"&gt;...&lt;/button&gt; is not clickable at point (23, 23). Other element would receive the click: &lt;div role="dialog" tabindex="-1" class="modal o_technical_modal"&gt;...&lt;/div&gt;
  (Session info: chrome=113.0.5672.93)
Stacktrace:
Backtrace:
	GetHandleVerifier [0x002C8893+48451]
	(No symbol) [0x0025B8A1]
	(No symbol) [0x00165058]
	(No symbol) [0x00194BA4]
	(No symbol) [0x001936E8]
	(No symbol) [0x00191EEB]
	(No symbol) [0x001912FE]
	(No symbol) [0x00189AAC]
	(No symbol) [0x001AA2BC]
	(No symbol) [0x00189586]
	(No symbol) [0x001AA614]
	(No symbol) [0x001BC482]
	(No symbol) [0x001AA0B6]
	(No symbol) [0x00187E08]
	(No symbol) [0x00188F2D]
	GetHandleVerifier [0x00528E3A+2540266]
	GetHandleVerifier [0x00568959+2801161]
	GetHandleVerifier [0x0056295C+2776588]
	GetHandleVerifier [0x00352280+612144]
	(No symbol) [0x00264F6C]
	(No symbol) [0x002611D8]
	(No symbol) [0x002612BB]
	(No symbol) [0x00254857]
	BaseThreadInitThunk [0x76240099+25]
	RtlGetAppContainerNamedObjectPath [0x77DB7B6E+286]
	RtlGetAppContainerNamedObjectPath [0x77DB7B3E+238]
	(No symbol) [0x00000000]
</msg>
<status status="FAIL" starttime="20230511 14:41:41.503" endtime="20230511 14:41:42.675"/>
</kw>
<status status="FAIL" starttime="20230511 14:41:38.491" endtime="20230511 14:41:42.675"/>
</kw>
<kw name="click on lunch menu">
<status status="NOT RUN" starttime="20230511 14:41:42.676" endtime="20230511 14:41:42.676"/>
</kw>
<kw name="handle url change">
<status status="NOT RUN" starttime="20230511 14:41:42.676" endtime="20230511 14:41:42.676"/>
</kw>
<kw name="click on Configuration">
<status status="NOT RUN" starttime="20230511 14:41:42.677" endtime="20230511 14:41:42.677"/>
</kw>
<kw name="click on Product Category">
<status status="NOT RUN" starttime="20230511 14:41:42.677" endtime="20230511 14:41:42.677"/>
</kw>
<kw name="handle url change">
<status status="NOT RUN" starttime="20230511 14:41:42.677" endtime="20230511 14:41:42.677"/>
</kw>
<kw name="click on create product category">
<status status="NOT RUN" starttime="20230511 14:41:42.677" endtime="20230511 14:41:42.677"/>
</kw>
<kw name="handle url change">
<status status="NOT RUN" starttime="20230511 14:41:42.677" endtime="20230511 14:41:42.677"/>
</kw>
<kw name="Input product category name">
<arg>new Product category</arg>
<status status="NOT RUN" starttime="20230511 14:41:42.678" endtime="20230511 14:41:42.678"/>
</kw>
<kw name="click on save product category">
<status status="NOT RUN" starttime="20230511 14:41:42.678" endtime="20230511 14:41:42.678"/>
</kw>
<kw name="handle url change">
<status status="NOT RUN" starttime="20230511 14:41:42.678" endtime="20230511 14:41:42.678"/>
</kw>
<kw name="click on Configuration">
<status status="NOT RUN" starttime="20230511 14:41:42.678" endtime="20230511 14:41:42.678"/>
</kw>
<kw name="click on Product Category">
<status status="NOT RUN" starttime="20230511 14:41:42.678" endtime="20230511 14:41:42.678"/>
</kw>
<kw name="click on account logo">
<status status="NOT RUN" starttime="20230511 14:41:42.679" endtime="20230511 14:41:42.679"/>
</kw>
<kw name="click on logout">
<status status="NOT RUN" starttime="20230511 14:41:42.679" endtime="20230511 14:41:42.679"/>
</kw>
<kw name="Sleep" library="BuiltIn">
<arg>10s</arg>
<doc>Pauses the test executed for the given time.</doc>
<status status="NOT RUN" starttime="20230511 14:41:42.679" endtime="20230511 14:41:42.679"/>
</kw>
<status status="FAIL" starttime="20230511 14:41:33.052" endtime="20230511 14:41:42.679">ElementClickInterceptedException: Message: element click intercepted: Element &lt;button class="dropdown-toggle  " title="Home Menu" data-hotkey="h" aria-expanded="false"&gt;...&lt;/button&gt; is not clickable at point (23, 23). Other element would receive the click: &lt;div role="dialog" tabindex="-1" class="modal o_technical_modal"&gt;...&lt;/div&gt;
  (Session info: chrome=113.0.5672.93)
Stacktrace:
Backtrace:
	GetHandleVerifier [0x002C8893+48451]
	(No symbol) [0x0025B8A1]
	(No symbol) [0x00165058]
	(No symbol) [0x00194BA4]
	(No symbol) [0x001936E8]
	(No symbol) [0x00191EEB]
	(No symbol) [0x001912FE]
	(No symbol) [0x00189AAC]
	(No symbol) [0x001AA2BC]
	(No symbol) [0x00189586]
	(No symbol) [0x001AA614]
	(No symbol) [0x001BC482]
	(No symbol) [0x001AA0B6]
	(No symbol) [0x00187E08]
	(No symbol) [0x00188F2D]
	GetHandleVerifier [0x00528E3A+2540266]
	GetHandleVerifier [0x00568959+2801161]
	GetHandleVerifier [0x0056295C+2776588]
	GetHandleVerifier [0x00352280+612144]
	(No symbol) [0x00264F6C]
	(No symbol) [0x002611D8]
	(No symbol) [0x002612BB]
	(No symbol) [0x00254857]
	BaseThreadInitThunk [0x76240099+25]
	RtlGetAppContainerNamedObjectPath [0x77DB7B6E+286]
	RtlGetAppContainerNamedObjectPath [0x77DB7B3E+238]
	(No symbol) [0x00000000]
</status>
</test>
<doc>Testing user autentication and checking if details are same from login account.</doc>
<status status="FAIL" starttime="20230511 14:41:32.911" endtime="20230511 14:41:42.683"/>
</suite>
<statistics>
<total>
<stat pass="0" fail="1" skip="0">All Tests</stat>
</total>
<tag>
</tag>
<suite>
<stat pass="0" fail="1" skip="0" id="s1" name="Product">Product</stat>
</suite>
</statistics>
<errors>
</errors>
</robot>
